# JRE version: Java(TM) SE Runtime Environment (8.0_202-b08) (build 1.8.0_202-b08)
# Java VM: Java HotSpot(TM) 64-Bit Server VM (25.202-b08 mixed mode bsd-amd64 compressed oops)
Heap:
 PSYoungGen      total 146944K, used 121294K [0x00000007b5580000, 0x00000007bfe80000, 0x00000007c0000000)
  eden space 123904K, 90% used [0x00000007b5580000,0x00000007bc38b9c0,0x00000007bce80000)
  from space 23040K, 37% used [0x00000007bce80000,0x00000007bd6e8000,0x00000007be500000)
  to   space 22016K, 0% used [0x00000007be900000,0x00000007be900000,0x00000007bfe80000)
 ParOldGen       total 349696K, used 330104K [0x00000007a0000000, 0x00000007b5580000, 0x00000007b5580000)
  object space 349696K, 94% used [0x00000007a0000000,0x00000007b425e2b8,0x00000007b5580000)
 Metaspace       used 106571K, capacity 112226K, committed 112256K, reserved 1148928K
  class space    used 11703K, capacity 12650K, committed 12672K, reserved 1048576K
GC Heap History (10 events):
Event: 75.646 GC heap before
{Heap before GC invocations=242 (full 5):
 PSYoungGen      total 144384K, used 120608K [0x00000007b5580000, 0x00000007bfe80000, 0x00000007c0000000)
  eden space 117760K, 100% used [0x00000007b5580000,0x00000007bc880000,0x00000007bc880000)
  from space 26624K, 10% used [0x00000007be480000,0x00000007be748000,0x00000007bfe80000)
  to   space 27648K, 0% used [0x00000007bc880000,0x00000007bc880000,0x00000007be380000)
 ParOldGen       total 349696K, used 325568K [0x00000007a0000000, 0x00000007b5580000, 0x00000007b5580000)
  object space 349696K, 93% used [0x00000007a0000000,0x00000007b3df0278,0x00000007b5580000)
 Metaspace       used 105990K, capacity 111620K, committed 111744K, reserved 1148928K
  class space    used 11633K, capacity 12551K, committed 12672K, reserved 1048576K
Event: 75.651 GC heap after
Heap after GC invocations=242 (full 5):
 PSYoungGen      total 145408K, used 1952K [0x00000007b5580000, 0x00000007bff00000, 0x00000007c0000000)
  eden space 117760K, 0% used [0x00000007b5580000,0x00000007b5580000,0x00000007bc880000)
  from space 27648K, 7% used [0x00000007bc880000,0x00000007bca68000,0x00000007be380000)
  to   space 26624K, 0% used [0x00000007be500000,0x00000007be500000,0x00000007bff00000)
 ParOldGen       total 349696K, used 328264K [0x00000007a0000000, 0x00000007b5580000, 0x00000007b5580000)
  object space 349696K, 93% used [0x00000007a0000000,0x00000007b4092278,0x00000007b5580000)
 Metaspace       used 105990K, capacity 111620K, committed 111744K, reserved 1148928K
  class space    used 11633K, capacity 12551K, committed 12672K, reserved 1048576K
}
Event: 75.953 GC heap before
{Heap before GC invocations=243 (full 5):
 PSYoungGen      total 145408K, used 119712K [0x00000007b5580000, 0x00000007bff00000, 0x00000007c0000000)
  eden space 117760K, 100% used [0x00000007b5580000,0x00000007bc880000,0x00000007bc880000)
  from space 27648K, 7% used [0x00000007bc880000,0x00000007bca68000,0x00000007be380000)
  to   space 26624K, 0% used [0x00000007be500000,0x00000007be500000,0x00000007bff00000)
 ParOldGen       total 349696K, used 328264K [0x00000007a0000000, 0x00000007b5580000, 0x00000007b5580000)
  object space 349696K, 93% used [0x00000007a0000000,0x00000007b4092278,0x00000007b5580000)
 Metaspace       used 105993K, capacity 111620K, committed 111744K, reserved 1148928K
  class space    used 11633K, capacity 12551K, committed 12672K, reserved 1048576K
Event: 75.958 GC heap after
Heap after GC invocations=243 (full 5):
 PSYoungGen      total 145920K, used 2176K [0x00000007b5580000, 0x00000007bfe00000, 0x00000007c0000000)
  eden space 120320K, 0% used [0x00000007b5580000,0x00000007b5580000,0x00000007bcb00000)
  from space 25600K, 8% used [0x00000007be500000,0x00000007be720000,0x00000007bfe00000)
  to   space 26112K, 0% used [0x00000007bcb00000,0x00000007bcb00000,0x00000007be480000)
 ParOldGen       total 349696K, used 330096K [0x00000007a0000000, 0x00000007b5580000, 0x00000007b5580000)
  object space 349696K, 94% used [0x00000007a0000000,0x00000007b425c2b8,0x00000007b5580000)
 Metaspace       used 105993K, capacity 111620K, committed 111744K, reserved 1148928K
  class space    used 11633K, capacity 12551K, committed 12672K, reserved 1048576K
}
Event: 76.245 GC heap before
{Heap before GC invocations=244 (full 5):
 PSYoungGen      total 145920K, used 122496K [0x00000007b5580000, 0x00000007bfe00000, 0x00000007c0000000)
  eden space 120320K, 100% used [0x00000007b5580000,0x00000007bcb00000,0x00000007bcb00000)
  from space 25600K, 8% used [0x00000007be500000,0x00000007be720000,0x00000007bfe00000)
  to   space 26112K, 0% used [0x00000007bcb00000,0x00000007bcb00000,0x00000007be480000)
 ParOldGen       total 349696K, used 330096K [0x00000007a0000000, 0x00000007b5580000, 0x00000007b5580000)
  object space 349696K, 94% used [0x00000007a0000000,0x00000007b425c2b8,0x00000007b5580000)
 Metaspace       used 105995K, capacity 111620K, committed 111744K, reserved 1148928K
  class space    used 11633K, capacity 12551K, committed 12672K, reserved 1048576K
Event: 76.250 GC heap after
Heap after GC invocations=244 (full 5):
 PSYoungGen      total 146432K, used 5024K [0x00000007b5580000, 0x00000007bfd80000, 0x00000007c0000000)
  eden space 120320K, 0% used [0x00000007b5580000,0x00000007b5580000,0x00000007bcb00000)
  from space 26112K, 19% used [0x00000007bcb00000,0x00000007bcfe8000,0x00000007be480000)
  to   space 24576K, 0% used [0x00000007be580000,0x00000007be580000,0x00000007bfd80000)
 ParOldGen       total 349696K, used 330096K [0x00000007a0000000, 0x00000007b5580000, 0x00000007b5580000)
  object space 349696K, 94% used [0x00000007a0000000,0x00000007b425c2b8,0x00000007b5580000)
 Metaspace       used 105995K, capacity 111620K, committed 111744K, reserved 1148928K
  class space    used 11633K, capacity 12551K, committed 12672K, reserved 1048576K
}
Event: 76.482 GC heap before
{Heap before GC invocations=245 (full 5):
 PSYoungGen      total 146432K, used 125344K [0x00000007b5580000, 0x00000007bfd80000, 0x00000007c0000000)
  eden space 120320K, 100% used [0x00000007b5580000,0x00000007bcb00000,0x00000007bcb00000)
  from space 26112K, 19% used [0x00000007bcb00000,0x00000007bcfe8000,0x00000007be480000)
  to   space 24576K, 0% used [0x00000007be580000,0x00000007be580000,0x00000007bfd80000)
 ParOldGen       total 349696K, used 330096K [0x00000007a0000000, 0x00000007b5580000, 0x00000007b5580000)
  object space 349696K, 94% used [0x00000007a0000000,0x00000007b425c2b8,0x00000007b5580000)
 Metaspace       used 106003K, capacity 111624K, committed 112000K, reserved 1148928K
  class space    used 11633K, capacity 12551K, committed 12672K, reserved 1048576K
Event: 76.487 GC heap after
Heap after GC invocations=245 (full 5):
 PSYoungGen      total 146432K, used 6752K [0x00000007b5580000, 0x00000007bfb80000, 0x00000007c0000000)
  eden space 123904K, 0% used [0x00000007b5580000,0x00000007b5580000,0x00000007bce80000)
  from space 22528K, 29% used [0x00000007be580000,0x00000007bec18000,0x00000007bfb80000)
  to   space 23040K, 0% used [0x00000007bce80000,0x00000007bce80000,0x00000007be500000)
 ParOldGen       total 349696K, used 330104K [0x00000007a0000000, 0x00000007b5580000, 0x00000007b5580000)
  object space 349696K, 94% used [0x00000007a0000000,0x00000007b425e2b8,0x00000007b5580000)
 Metaspace       used 106003K, capacity 111624K, committed 112000K, reserved 1148928K
  class space    used 11633K, capacity 12551K, committed 12672K, reserved 1048576K
}
Event: 76.697 GC heap before
{Heap before GC invocations=246 (full 5):
 PSYoungGen      total 146432K, used 130656K [0x00000007b5580000, 0x00000007bfb80000, 0x00000007c0000000)
  eden space 123904K, 100% used [0x00000007b5580000,0x00000007bce80000,0x00000007bce80000)
  from space 22528K, 29% used [0x00000007be580000,0x00000007bec18000,0x00000007bfb80000)
  to   space 23040K, 0% used [0x00000007bce80000,0x00000007bce80000,0x00000007be500000)
 ParOldGen       total 349696K, used 330104K [0x00000007a0000000, 0x00000007b5580000, 0x00000007b5580000)
  object space 349696K, 94% used [0x00000007a0000000,0x00000007b425e2b8,0x00000007b5580000)
 Metaspace       used 106020K, capacity 111630K, committed 112000K, reserved 1148928K
  class space    used 11634K, capacity 12552K, committed 12672K, reserved 1048576K
Event: 76.703 GC heap after
Heap after GC invocations=246 (full 5):
 PSYoungGen      total 146944K, used 8608K [0x00000007b5580000, 0x00000007bfe80000, 0x00000007c0000000)
  eden space 123904K, 0% used [0x00000007b5580000,0x00000007b5580000,0x00000007bce80000)
  from space 23040K, 37% used [0x00000007bce80000,0x00000007bd6e8000,0x00000007be500000)
  to   space 22016K, 0% used [0x00000007be900000,0x00000007be900000,0x00000007bfe80000)
 ParOldGen       total 349696K, used 330104K [0x00000007a0000000, 0x00000007b5580000, 0x00000007b5580000)
  object space 349696K, 94% used [0x00000007a0000000,0x00000007b425e2b8,0x00000007b5580000)
 Metaspace       used 106020K, capacity 111630K, committed 112000K, reserved 1148928K
  class space    used 11634K, capacity 12552K, committed 12672K, reserved 1048576K
}

